Assembler report for DE5QGen3x4If128
Wed Feb  2 08:27:57 2022
Quartus Prime Version 18.0.0 Build 614 04/24/2018 SJ Standard Edition


---------------------
; Table of Contents ;
---------------------
  1. Legal Notice
  2. Assembler Summary
  3. Assembler Settings
  4. Assembler Generated Files
  5. Assembler Device Options: DE5QGen3x4If128.sof
  6. Assembler Messages



----------------
; Legal Notice ;
----------------
Copyright (C) 2018  Intel Corporation. All rights reserved.
Your use of Intel Corporation's design tools, logic functions 
and other software and tools, and its AMPP partner logic 
functions, and any output files from any of the foregoing 
(including device programming or simulation files), and any 
associated documentation or information are expressly subject 
to the terms and conditions of the Intel Program License 
Subscription Agreement, the Intel Quartus Prime License Agreement,
the Intel FPGA IP License Agreement, or other applicable license
agreement, including, without limitation, that your use is for
the sole purpose of programming logic devices manufactured by
Intel and sold by Intel or its authorized distributors.  Please
refer to the applicable agreement for further details.



+---------------------------------------------------------------+
; Assembler Summary                                             ;
+-----------------------+---------------------------------------+
; Assembler Status      ; Successful - Wed Feb  2 08:27:57 2022 ;
; Revision Name         ; DE5QGen3x4If128                       ;
; Top-level Entity Name ; DE5QGen3x4If128                       ;
; Family                ; Stratix V                             ;
; Device                ; 5SGXEA7N2F45C2                        ;
+-----------------------+---------------------------------------+


+----------------------------------+
; Assembler Settings               ;
+--------+---------+---------------+
; Option ; Setting ; Default Value ;
+--------+---------+---------------+


+---------------------------------------------------------------------------+
; Assembler Generated Files                                                 ;
+---------------------------------------------------------------------------+
; File Name                                                                 ;
+---------------------------------------------------------------------------+
; /home/ersin/riffa/fpga/altera/de5/DE5QGen3x4If128/bit/DE5QGen3x4If128.sof ;
+---------------------------------------------------------------------------+


+-----------------------------------------------+
; Assembler Device Options: DE5QGen3x4If128.sof ;
+----------------+------------------------------+
; Option         ; Setting                      ;
+----------------+------------------------------+
; JTAG usercode  ; 0x03FBA329                   ;
; Checksum       ; 0x03FBA329                   ;
+----------------+------------------------------+


+--------------------+
; Assembler Messages ;
+--------------------+
Info: *******************************************************************
Info: Running Quartus Prime Assembler
    Info: Version 18.0.0 Build 614 04/24/2018 SJ Standard Edition
    Info: Processing started: Wed Feb  2 08:27:34 2022
Info: Command: quartus_asm --read_settings_files=off --write_settings_files=off DE5QGen3x4If128 -c DE5QGen3x4If128
Warning (18236): Number of processors has not been specified which may cause overloading on shared machines.  Set the global assignment NUM_PARALLEL_PROCESSORS in your QSF to an appropriate value for best performance.
Warning (15104): Quartus Prime software detected a bonding design. Reconfiguration is not supported for Bonded designs and MIF is not created for this design. File: /home/ersin/riffa/fpga/altera/de5/DE5QGen3x4If128/prj/db/ip/QSysDE5QGen3x4If128/submodules/sv_tx_pma_ch.sv Line: 182
Warning (15104): Quartus Prime software detected a bonding design. Reconfiguration is not supported for Bonded designs and MIF is not created for this design. File: /home/ersin/riffa/fpga/altera/de5/DE5QGen3x4If128/prj/db/ip/QSysDE5QGen3x4If128/submodules/sv_tx_pma_ch.sv Line: 182
Warning (15104): Quartus Prime software detected a bonding design. Reconfiguration is not supported for Bonded designs and MIF is not created for this design. File: /home/ersin/riffa/fpga/altera/de5/DE5QGen3x4If128/prj/db/ip/QSysDE5QGen3x4If128/submodules/sv_tx_pma_ch.sv Line: 182
Warning (15104): Quartus Prime software detected a bonding design. Reconfiguration is not supported for Bonded designs and MIF is not created for this design. File: /home/ersin/riffa/fpga/altera/de5/DE5QGen3x4If128/prj/db/ip/QSysDE5QGen3x4If128/submodules/sv_tx_pma_ch.sv Line: 182
Info (115030): Assembler is generating device programming files
Info: Quartus Prime Assembler was successful. 0 errors, 5 warnings
    Info: Peak virtual memory: 1529 megabytes
    Info: Processing ended: Wed Feb  2 08:27:57 2022
    Info: Elapsed time: 00:00:23
    Info: Total CPU time (on all processors): 00:00:23


